
â”Œâ”€â”€â”€â”€â”€â”€â”€â”€â”€â”€â”€â”€â”€â”€â”€â”€â”€â”€â”€â”€â”€â”€â”€â”€â”€â”€â”€â”€â”€â”€â”€â”€â”€â”€â”€â”€â”€â”€â”€â”€â”€â”€â”€â”€â”€â”€â”€â”€â”€â”€â”€â”€â”€â”€â”€â”€â”€â”€â”€â”€â”€â”€â”€â”€â”€â”€â”€â”€â”€â”€â”€â”€â”€â”€â”€â”€â”€â”€â”€â”€â”€â”€â”€â”€â”€â”€â”€â”€â”€â”€â”€â”€â”€â”€â”€â”€â”€â”€â”€â”€â”€â”€â”€â”
â”‚                                                                                                       â”‚
â”‚                                                                                                       â”‚
â”‚                                                                              â¢€â ”â                       â”‚
â”‚                                                                            â£ â¡â                         â”‚
â”‚                                              â£€â£€â£¤â£¤â£¤â£¤â£¤â£¤â£¤â£¤â£¤â£¤â£€â£€â£€â£€â£€â£€â£€â£¤â£¤â¡´â ’    â¢€â£ â¡¾â ‹                          â”‚
â”‚                                         â¢€â£¤â£¶â£¾88888888888888888888â ¿â ‹    â¢€â£´8â¡Ÿâ                            â”‚
â”‚                                      â¢€â£¤â£¾88888â¡¿â ¿â ›â ›â ›â ›â ›â ›â ›â ›â »â ¿88888â Ÿâ     â£ â£¾88â¡Ÿ                             â”‚
â”‚                                    â¢€â£´88888â Ÿâ ‹â  â£€â£¤â ¤â ¶â ¶â ¶â ¶â ¶â ¤â£¤â£€ â ‰â ‰â ‰    â¢€â£´â£¾888â¡Ÿ                              â”‚
â”‚                                   â£ 88888â ‹  â£ â ¶â ‹â ‰         â ‰â ™â ¶â£„   â¢€â£´888888â ƒ                              â”‚
â”‚                                  â£°8888â¡Ÿâ  â£°â Ÿâ                â ˆâ »â£† â ˆâ¢¿888888                               â”‚
â”‚                                 â¢ 8888â¡Ÿ  â¡¼â                    â ˆâ¢§ â ˆâ¢¿8888â¡¿                               â”‚
â”‚                                 â£¼8888â  â¢¸â ‡                     â ¸â¡‡ â ˜8888â£·                               â”‚
â”‚                                 88888  8                       8  88888                               â”‚
â”‚                                 â¢¿8888â¡„ â¢¸â¡†                     â¢°â¡‡ â¢€8888â¡Ÿ                               â”‚
â”‚                                 â£¾8888â£·â¡€ â¢³â¡€                   â¢€â¡  â£¼8888â ƒ                               â”‚
â”‚                                 888888â£·â¡€ â ¹â£¦â¡€               â¢€â£´â  â¢€â£¼8888â                                 â”‚
â”‚                                â¢ 888888â Ÿâ    â ™â ¶â£„â£€         â£€â£ â ¶â ‹  â£ 88888â ‹                                 â”‚
â”‚                                â£¼888â¡¿â Ÿâ     â£€â£€â£€ â ‰â ›â ’â ¶â ¶â ¶â ¶â ¶â ’â ›â ‰ â¢€â£ â£´88888â Ÿâ                                   â”‚
â”‚                               â£¼88â¡¿â ‹    â¢€â£´88888â£¶â£¦â£¤â£¤â£¤â£¤â£¤â£¤â£¤â£¤â£¶â£¾88888â¡¿â ›â                                     â”‚
â”‚                             â¢€â£¼8â Ÿâ     â£ â£¶88888888888888888888â¡¿â ¿â ›â                                        â”‚
â”‚                            â£ â¡¾â ‹â     â ¤â â ›â ›â ‰â ‰â ‰â ‰â ‰â ‰â ‰â ›â ›â ›â ›â ›â ›â ›â ›â ›â ›â ‰â ‰                                            â”‚
â”‚                          â¢€â¡¼â ‹                                                                          â”‚
â”‚                        â¢€â ”â                                                                             â”‚
â”‚                                                                                                       â”‚
â”‚                                                                                                       â”‚
â”‚  .d8888b.                                     888    d8b                        8888888b.  888888b.   â”‚
â”‚ d88P  Y88b                                    888    Y8P                        888  "Y88b 888  "88b  â”‚
â”‚ Y88b.                                         888                               888    888 888  .88P  â”‚
â”‚  "Y888b.   88888b.   8888b.   .d8888b .d88b.  888888 888 88888b.d88b.   .d88b.  888    888 8888888K.  â”‚
â”‚     "Y88b. 888 "88b     "88b d88P"   d8P  Y8b 888    888 888 "888 "88b d8P  Y8b 888    888 888  "Y88b â”‚
â”‚       "888 888  888 .d888888 888     88888888 888    888 888  888  888 88888888 888    888 888    888 â”‚
â”‚ Y88b  d88P 888 d88P 888  888 Y88b.   Y8b.     Y88b.  888 888  888  888 Y8b.     888  .d88P 888   d88P â”‚
â”‚  "Y8888P"  88888P"  "Y888888  "Y8888P "Y8888   "Y888 888 888  888  888  "Y8888  8888888P"  8888888P"  â”‚
â”‚            888                                                                                        â”‚
â”‚            888                                                                                        â”‚
â”‚            888                                                                                        â”‚
â”‚                                  "Multiplayer at the speed of light"                                  â”‚
â””â”€â”€â”€â”€â”€â”€â”€â”€â”€â”€â”€â”€â”€â”€â”€â”€â”€â”€â”€â”€â”€â”€â”€â”€â”€â”€â”€â”€â”€â”€â”€â”€â”€â”€â”€â”€â”€â”€â”€â”€â”€â”€â”€â”€â”€â”€â”€â”€â”€â”€â”€â”€â”€â”€â”€â”€â”€â”€â”€â”€â”€â”€â”€â”€â”€â”€â”€â”€â”€â”€â”€â”€â”€â”€â”€â”€â”€â”€â”€â”€â”€â”€â”€â”€â”€â”€â”€â”€â”€â”€â”€â”€â”€â”€â”€â”€â”€â”€â”€â”€â”€â”€â”€â”˜
    
spacetimedb-standalone version: 1.1.0
spacetimedb-standalone path: /home/dtice/.local/share/spacetime/bin/1.1.0/spacetimedb-standalone
database running in data directory /home/dtice/.local/share/spacetime/data
[2m2025-04-19T05:36:32.933556Z[0m [34mDEBUG[0m [2m/__w/SpacetimeDB/SpacetimeDB/crates/standalone/src/subcommands/start.rs[0m[2m:[0m[2m148[0m[2m:[0m Starting SpacetimeDB listening on 0.0.0.0:3000    
